alsa-utils
atool
autoconf
automake
base
bc
binutils
bison
checkbashisms
dash
dhcpcd
docker
dunst
dzen2
efibootmgr
fakeroot
feh
ffmpegthumbnailer
file
findutils
firefox-developer-edition
flex
gawk
gcc
gettext
git
gparted
grep
groff
grub
gst-libav
gst-plugins-good
gtk-engine-murrine
gvfs
gvfs-mtp
gzip
inetutils
libtool
libva-mesa-driver
linux
linux-firmware
linux-headers
lxsession
m4
make
man-db
man-pages
mdadm
mesa-vdpau
mpv
nemo
neovim
nnn
ntfs-3g
openconnect
openssh
otf-font-awesome
pacman
patch
pkgconf
playerctl
qbittorrent
ranger
ruby
scrot
sed
sudo
sxhkd
sysfsutils
sysstat
texinfo
tmux
ttf-dejavu
ttf-roboto-mono
unclutter
util-linux
virtualbox
virtualbox-host-modules-arch
vulkan-radeon
webkit2gtk
which
xautolock
xclip
xf86-video-amdgpu
xf86-video-intel
xorg-server
xorg-xinit
xorg-xprop
xorg-xrandr
zathura
zathura-pdf-mupdf
zsh
