acpi
alsa-utils
atool
autoconf
automake
bash
bc
binutils
bison
bzip2
checkbashisms
chromium
coreutils
cryptsetup
dash
device-mapper
dhcpcd
diffutils
docker
dunst
dzen2
e2fsprogs
efibootmgr
fakeroot
feh
file
filesystem
findutils
firefox-developer-edition
gawk
gcc
gcc-libs
gcr
gettext
git
glibc
grep
groff
grub
gst-libav
gst-plugins-good
gtk-engine-murrine
gzip
inetutils
iproute2
iputils
jdk8-openjdk
keepass
less
libnotify
libtool
licenses
linux
linux-firmware
linux-headers
lxsession
m4
make
man-db
man-pages
maven
mdadm
mediainfo
mpv
neovim
networkmanager
nnn
openconnect
openssh
otf-font-awesome
pacman
patch
pciutils
perl
pkgconf
playerctl
procps-ng
psmisc
ranger
ruby
scrot
sed
shadow
sudo
sxhkd
sysfsutils
sysstat
systemd
systemd-sysvcompat
tar
terminus-font
texinfo
tmux
ttf-dejavu
util-linux
w3m
webkit2gtk
which
wpa_supplicant
xautolock
xclip
xf86-video-intel
xf86-video-nouveau
xorg-server
xorg-xbacklight
xorg-xinit
xorg-xprop
xorg-xrandr
zathura
zathura-pdf-mupdf
